[2025-09-21T19:03:15.658Z] POST /api/issue-reports
TypeError: e.treeifyError is not a function
    at exports.create (C:\Users\vanaa\OneDrive - University of Pretoria\3rd Year\EPE\Community_Reporting\crea\backend\controllers\IssueReportController.js:159:47)
    at Layer.handleRequest (C:\Users\vanaa\OneDrive - University of Pretoria\3rd Year\EPE\Community_Reporting\crea\backend\node_modules\router\lib\layer.js:152:17)
    at next (C:\Users\vanaa\OneDrive - University of Pretoria\3rd Year\EPE\Community_Reporting\crea\backend\node_modules\router\lib\route.js:157:13)
    at C:\Users\vanaa\OneDrive - University of Pretoria\3rd Year\EPE\Community_Reporting\crea\backend\middleware\auth.js:25:5
    at C:\Users\vanaa\OneDrive - University of Pretoria\3rd Year\EPE\Community_Reporting\crea\backend\node_modules\jsonwebtoken\verify.js:261:12
    at getSecret (C:\Users\vanaa\OneDrive - University of Pretoria\3rd Year\EPE\Community_Reporting\crea\backend\node_modules\jsonwebtoken\verify.js:97:14)
    at module.exports [as verify] (C:\Users\vanaa\OneDrive - University of Pretoria\3rd Year\EPE\Community_Reporting\crea\backend\node_modules\jsonwebtoken\verify.js:101:10)
    at module.exports (C:\Users\vanaa\OneDrive - University of Pretoria\3rd Year\EPE\Community_Reporting\crea\backend\middleware\auth.js:19:7)
    at Layer.handleRequest (C:\Users\vanaa\OneDrive - University of Pretoria\3rd Year\EPE\Community_Reporting\crea\backend\node_modules\router\lib\layer.js:152:17)
    at next (C:\Users\vanaa\OneDrive - University of Pretoria\3rd Year\EPE\Community_Reporting\crea\backend\node_modules\router\lib\route.js:157:13)

[2025-09-25T05:10:37.729Z] POST /api/issue-reports/watchlist/74e9e250-115f-4cc6-86d5-132b49066e46
Error
    at Query.run (C:\Users\nathy\OneDrive - University of Pretoria\APP Design\crea\backend\node_modules\sequelize\lib\dialects\postgres\query.js:50:25)
    at C:\Users\nathy\OneDrive - University of Pretoria\APP Design\crea\backend\node_modules\sequelize\lib\sequelize.js:315:28
    at process.processTicksAndRejections (node:internal/process/task_queues:105:5)
    at async PostgresQueryInterface.select (C:\Users\nathy\OneDrive - University of Pretoria\APP Design\crea\backend\node_modules\sequelize\lib\dialects\abstract\query-interface.js:407:12)
    at async ReportIssueWatchlist.findAll (C:\Users\nathy\OneDrive - University of Pretoria\APP Design\crea\backend\node_modules\sequelize\lib\model.js:1140:21)
    at async ReportIssueWatchlist.findOne (C:\Users\nathy\OneDrive - University of Pretoria\APP Design\crea\backend\node_modules\sequelize\lib\model.js:1240:12)
    at async exports.subscribeWatchlist (C:\Users\nathy\OneDrive - University of Pretoria\APP Design\crea\backend\controllers\IssueReportController.js:389:29)

[2025-09-25T11:37:54.881Z] POST /api/issue-reports/watchlist/f59cecdd-d0c0-46d0-b81a-145a6254d5b5
Error
    at Query.run (C:\Users\lefam\Music\My Project\crea\backend\node_modules\sequelize\lib\dialects\postgres\query.js:50:25)
    at C:\Users\lefam\Music\My Project\crea\backend\node_modules\sequelize\lib\sequelize.js:315:28
    at process.processTicksAndRejections (node:internal/process/task_queues:105:5)
    at async PostgresQueryInterface.select (C:\Users\lefam\Music\My Project\crea\backend\node_modules\sequelize\lib\dialects\abstract\query-interface.js:407:12)
    at async ReportIssueWatchlist.findAll (C:\Users\lefam\Music\My Project\crea\backend\node_modules\sequelize\lib\model.js:1140:21)
    at async ReportIssueWatchlist.findOne (C:\Users\lefam\Music\My Project\crea\backend\node_modules\sequelize\lib\model.js:1240:12)
    at async exports.subscribeWatchlist (C:\Users\lefam\Music\My Project\crea\backend\controllers\IssueReportController.js:389:29)

[2025-09-25T12:19:50.920Z] POST /api/issue-reports/watchlist/a32697c5-8491-4485-a8f3-158c369142e5
Error
    at Query.run (C:\Users\lefam\Music\My Project\crea\backend\node_modules\sequelize\lib\dialects\postgres\query.js:50:25)
    at C:\Users\lefam\Music\My Project\crea\backend\node_modules\sequelize\lib\sequelize.js:315:28
    at process.processTicksAndRejections (node:internal/process/task_queues:105:5)
    at async PostgresQueryInterface.select (C:\Users\lefam\Music\My Project\crea\backend\node_modules\sequelize\lib\dialects\abstract\query-interface.js:407:12)
    at async ReportIssueWatchlist.findAll (C:\Users\lefam\Music\My Project\crea\backend\node_modules\sequelize\lib\model.js:1140:21)
    at async ReportIssueWatchlist.findOne (C:\Users\lefam\Music\My Project\crea\backend\node_modules\sequelize\lib\model.js:1240:12)
    at async exports.subscribeWatchlist (C:\Users\lefam\Music\My Project\crea\backend\controllers\IssueReportController.js:389:29)

